# JRE version: Java(TM) SE Runtime Environment (8.0_131-b11) (build 1.8.0_131-b11)
# Java VM: Java HotSpot(TM) 64-Bit Server VM (25.131-b11 mixed mode windows-amd64 compressed oops)
Heap:
 PSYoungGen      total 68608K, used 65598K [0x00000000d5900000, 0x00000000da180000, 0x0000000100000000)
  eden space 64000K, 95% used [0x00000000d5900000,0x00000000d9490b30,0x00000000d9780000)
  from space 4608K, 99% used [0x00000000d9d00000,0x00000000da17ed50,0x00000000da180000)
  to   space 5120K, 0% used [0x00000000d9780000,0x00000000d9780000,0x00000000d9c80000)
 ParOldGen       total 37888K, used 18772K [0x0000000080a00000, 0x0000000082f00000, 0x00000000d5900000)
  object space 37888K, 49% used [0x0000000080a00000,0x0000000081c55228,0x0000000082f00000)
 Metaspace       used 16301K, capacity 16594K, committed 16640K, reserved 1064960K
  class space    used 1917K, capacity 2007K, committed 2048K, reserved 1048576K
GC Heap History (10 events):
Event: 6.272 GC heap before
{Heap before GC invocations=3 (full 1):
 PSYoungGen      total 38400K, used 33280K [0x00000000d5900000, 0x00000000d8380000, 0x0000000100000000)
  eden space 33280K, 100% used [0x00000000d5900000,0x00000000d7980000,0x00000000d7980000)
  from space 5120K, 0% used [0x00000000d7980000,0x00000000d7980000,0x00000000d7e80000)
  to   space 5120K, 0% used [0x00000000d7e80000,0x00000000d7e80000,0x00000000d8380000)
 ParOldGen       total 37888K, used 4512K [0x0000000080a00000, 0x0000000082f00000, 0x00000000d5900000)
  object space 37888K, 11% used [0x0000000080a00000,0x0000000080e68048,0x0000000082f00000)
 Metaspace       used 9087K, capacity 9238K, committed 9344K, reserved 1056768K
  class space    used 1020K, capacity 1073K, committed 1152K, reserved 1048576K
Event: 6.313 GC heap after
Heap after GC invocations=3 (full 1):
 PSYoungGen      total 38400K, used 1273K [0x00000000d5900000, 0x00000000da000000, 0x0000000100000000)
  eden space 33280K, 0% used [0x00000000d5900000,0x00000000d5900000,0x00000000d7980000)
  from space 5120K, 24% used [0x00000000d7e80000,0x00000000d7fbe6a0,0x00000000d8380000)
  to   space 5120K, 0% used [0x00000000d7980000,0x00000000d7980000,0x00000000d7e80000)
 ParOldGen       total 37888K, used 4520K [0x0000000080a00000, 0x0000000082f00000, 0x00000000d5900000)
  object space 37888K, 11% used [0x0000000080a00000,0x0000000080e6a048,0x0000000082f00000)
 Metaspace       used 9087K, capacity 9238K, committed 9344K, reserved 1056768K
  class space    used 1020K, capacity 1073K, committed 1152K, reserved 1048576K
}
Event: 6.442 GC heap before
{Heap before GC invocations=4 (full 1):
 PSYoungGen      total 38400K, used 34553K [0x00000000d5900000, 0x00000000da000000, 0x0000000100000000)
  eden space 33280K, 100% used [0x00000000d5900000,0x00000000d7980000,0x00000000d7980000)
  from space 5120K, 24% used [0x00000000d7e80000,0x00000000d7fbe6a0,0x00000000d8380000)
  to   space 5120K, 0% used [0x00000000d7980000,0x00000000d7980000,0x00000000d7e80000)
 ParOldGen       total 37888K, used 4520K [0x0000000080a00000, 0x0000000082f00000, 0x00000000d5900000)
  object space 37888K, 11% used [0x0000000080a00000,0x0000000080e6a048,0x0000000082f00000)
 Metaspace       used 9309K, capacity 9436K, committed 9600K, reserved 1058816K
  class space    used 1027K, capacity 1074K, committed 1152K, reserved 1048576K
Event: 6.468 GC heap after
Heap after GC invocations=4 (full 1):
 PSYoungGen      total 38400K, used 1024K [0x00000000d5900000, 0x00000000da200000, 0x0000000100000000)
  eden space 33280K, 0% used [0x00000000d5900000,0x00000000d5900000,0x00000000d7980000)
  from space 5120K, 20% used [0x00000000d7980000,0x00000000d7a80000,0x00000000d7e80000)
  to   space 5120K, 0% used [0x00000000d9d00000,0x00000000d9d00000,0x00000000da200000)
 ParOldGen       total 37888K, used 4528K [0x0000000080a00000, 0x0000000082f00000, 0x00000000d5900000)
  object space 37888K, 11% used [0x0000000080a00000,0x0000000080e6c048,0x0000000082f00000)
 Metaspace       used 9309K, capacity 9436K, committed 9600K, reserved 1058816K
  class space    used 1027K, capacity 1074K, committed 1152K, reserved 1048576K
}
Event: 6.879 GC heap before
{Heap before GC invocations=5 (full 1):
 PSYoungGen      total 38400K, used 34304K [0x00000000d5900000, 0x00000000da200000, 0x0000000100000000)
  eden space 33280K, 100% used [0x00000000d5900000,0x00000000d7980000,0x00000000d7980000)
  from space 5120K, 20% used [0x00000000d7980000,0x00000000d7a80000,0x00000000d7e80000)
  to   space 5120K, 0% used [0x00000000d9d00000,0x00000000d9d00000,0x00000000da200000)
 ParOldGen       total 37888K, used 4528K [0x0000000080a00000, 0x0000000082f00000, 0x00000000d5900000)
  object space 37888K, 11% used [0x0000000080a00000,0x0000000080e6c048,0x0000000082f00000)
 Metaspace       used 9455K, capacity 9564K, committed 9856K, reserved 1058816K
  class space    used 1034K, capacity 1074K, committed 1152K, reserved 1048576K
Event: 6.884 GC heap after
Heap after GC invocations=5 (full 1):
 PSYoungGen      total 68608K, used 1344K [0x00000000d5900000, 0x00000000da180000, 0x0000000100000000)
  eden space 64000K, 0% used [0x00000000d5900000,0x00000000d5900000,0x00000000d9780000)
  from space 4608K, 29% used [0x00000000d9d00000,0x00000000d9e50000,0x00000000da180000)
  to   space 5120K, 0% used [0x00000000d9780000,0x00000000d9780000,0x00000000d9c80000)
 ParOldGen       total 37888K, used 4536K [0x0000000080a00000, 0x0000000082f00000, 0x00000000d5900000)
  object space 37888K, 11% used [0x0000000080a00000,0x0000000080e6e048,0x0000000082f00000)
 Metaspace       used 9455K, capacity 9564K, committed 9856K, reserved 1058816K
  class space    used 1034K, capacity 1074K, committed 1152K, reserved 1048576K
}
Event: 8.582 GC heap before
{Heap before GC invocations=6 (full 1):
 PSYoungGen      total 68608K, used 65344K [0x00000000d5900000, 0x00000000da180000, 0x0000000100000000)
  eden space 64000K, 100% used [0x00000000d5900000,0x00000000d9780000,0x00000000d9780000)
  from space 4608K, 29% used [0x00000000d9d00000,0x00000000d9e50000,0x00000000da180000)
  to   space 5120K, 0% used [0x00000000d9780000,0x00000000d9780000,0x00000000d9c80000)
 ParOldGen       total 37888K, used 4536K [0x0000000080a00000, 0x0000000082f00000, 0x00000000d5900000)
  object space 37888K, 11% used [0x0000000080a00000,0x0000000080e6e048,0x0000000082f00000)
 Metaspace       used 9916K, capacity 10012K, committed 10240K, reserved 1058816K
  class space    used 1090K, capacity 1138K, committed 1280K, reserved 1048576K
Event: 8.592 GC heap after
Heap after GC invocations=6 (full 1):
 PSYoungGen      total 69120K, used 2315K [0x00000000d5900000, 0x00000000da180000, 0x0000000100000000)
  eden space 64000K, 0% used [0x00000000d5900000,0x00000000d5900000,0x00000000d9780000)
  from space 5120K, 45% used [0x00000000d9780000,0x00000000d99c2c98,0x00000000d9c80000)
  to   space 4608K, 0% used [0x00000000d9d00000,0x00000000d9d00000,0x00000000da180000)
 ParOldGen       total 37888K, used 4544K [0x0000000080a00000, 0x0000000082f00000, 0x00000000d5900000)
  object space 37888K, 11% used [0x0000000080a00000,0x0000000080e70048,0x0000000082f00000)
 Metaspace       used 9916K, capacity 10012K, committed 10240K, reserved 1058816K
  class space    used 1090K, capacity 1138K, committed 1280K, reserved 1048576K
}
Event: 18.454 GC heap before
{Heap before GC invocations=7 (full 1):
 PSYoungGen      total 69120K, used 66315K [0x00000000d5900000, 0x00000000da180000, 0x0000000100000000)
  eden space 64000K, 100% used [0x00000000d5900000,0x00000000d9780000,0x00000000d9780000)
  from space 5120K, 45% used [0x00000000d9780000,0x00000000d99c2c98,0x00000000d9c80000)
  to   space 4608K, 0% used [0x00000000d9d00000,0x00000000d9d00000,0x00000000da180000)
 ParOldGen       total 37888K, used 4544K [0x0000000080a00000, 0x0000000082f00000, 0x00000000d5900000)
  object space 37888K, 11% used [0x0000000080a00000,0x0000000080e70048,0x0000000082f00000)
 Metaspace       used 15203K, capacity 15564K, committed 15744K, reserved 1062912K
  class space    used 1783K, capacity 1878K, committed 1920K, reserved 1048576K
Event: 18.493 GC heap after
Heap after GC invocations=7 (full 1):
 PSYoungGen      total 68608K, used 4603K [0x00000000d5900000, 0x00000000da180000, 0x0000000100000000)
  eden space 64000K, 0% used [0x00000000d5900000,0x00000000d5900000,0x00000000d9780000)
  from space 4608K, 99% used [0x00000000d9d00000,0x00000000da17ed50,0x00000000da180000)
  to   space 5120K, 0% used [0x00000000d9780000,0x00000000d9780000,0x00000000d9c80000)
 ParOldGen       total 37888K, used 18772K [0x0000000080a00000, 0x0000000082f00000, 0x00000000d5900000)
  object space 37888K, 49% used [0x0000000080a00000,0x0000000081c55228,0x0000000082f00000)
 Metaspace       used 15203K, capacity 15564K, committed 15744K, reserved 1062912K
  class space    used 1783K, capacity 1878K, committed 1920K, reserved 1048576K
}

